<?xml version="1.0" encoding="UTF-8"?>
<!-- Generated by org.testng.reporters.JUnitReportReporter -->
<testsuite hostname="l-IT-0148" failures="0" tests="1" name="MavenExample.MavenExample.MavenExample1" time="4.642" errors="0" timestamp="2025-02-07T18:38:57 IST" skipped="0">
  <testcase classname="MavenExample.MavenExample.MavenExample1" name="maven" time="4.642"/>
</testsuite> <!-- MavenExample.MavenExample.MavenExample1 -->
