<?xml version="1.0" encoding="UTF-8"?>
<!-- Generated by org.testng.reporters.JUnitReportReporter -->
<testsuite hostname="l-IT-0148" failures="0" tests="1" name="MavenExample.MavenExample.MavenExample1" time="2.916" errors="0" timestamp="2025-01-27T18:55:30 IST" skipped="0">
  <testcase classname="MavenExample.MavenExample.MavenExample1" name="maven" time="2.916"/>
</testsuite> <!-- MavenExample.MavenExample.MavenExample1 -->
